# JRE version: Java(TM) SE Runtime Environment (8.0_91-b14) (build 1.8.0_91-b14)
# Java VM: Java HotSpot(TM) 64-Bit Server VM (25.91-b14 mixed mode linux-amd64 compressed oops)
Heap:
 PSYoungGen      total 476672K, used 110884K [0x000000076cd80000, 0x0000000790580000, 0x00000007c0000000)
  eden space 407552K, 20% used [0x000000076cd80000,0x0000000771fe4c78,0x0000000785b80000)
  from space 69120K, 38% used [0x0000000785b80000,0x0000000787564578,0x0000000789f00000)
  to   space 66048K, 0% used [0x000000078c500000,0x000000078c500000,0x0000000790580000)
 ParOldGen       total 502784K, used 117399K [0x00000006c6800000, 0x00000006e5300000, 0x000000076cd80000)
  object space 502784K, 23% used [0x00000006c6800000,0x00000006cdaa5da0,0x00000006e5300000)
 Metaspace       used 92963K, capacity 103088K, committed 103244K, reserved 1138688K
  class space    used 10986K, capacity 14112K, committed 14156K, reserved 1048576K
GC Heap History (10 events):
Event: 17.107 GC heap before
{Heap before GC invocations=19 (full 4):
 PSYoungGen      total 368128K, used 68032K [0x000000076cd80000, 0x000000078ca80000, 0x00000007c0000000)
  eden space 300032K, 0% used [0x000000076cd80000,0x000000076cd80000,0x000000077f280000)
  from space 68096K, 99% used [0x000000077f280000,0x00000007834f02e0,0x0000000783500000)
  to   space 78848K, 0% used [0x0000000787d80000,0x0000000787d80000,0x000000078ca80000)
 ParOldGen       total 339456K, used 63839K [0x00000006c6800000, 0x00000006db380000, 0x000000076cd80000)
  object space 339456K, 18% used [0x00000006c6800000,0x00000006ca657ca8,0x00000006db380000)
 Metaspace       used 88233K, capacity 98303K, committed 98380K, reserved 1134592K
  class space    used 10623K, capacity 13627K, committed 13644K, reserved 1048576K
Event: 17.435 GC heap after
Heap after GC invocations=19 (full 4):
 PSYoungGen      total 368128K, used 0K [0x000000076cd80000, 0x000000078ca80000, 0x00000007c0000000)
  eden space 300032K, 0% used [0x000000076cd80000,0x000000076cd80000,0x000000077f280000)
  from space 68096K, 0% used [0x000000077f280000,0x000000077f280000,0x0000000783500000)
  to   space 78848K, 0% used [0x0000000787d80000,0x0000000787d80000,0x000000078ca80000)
 ParOldGen       total 502784K, used 117367K [0x00000006c6800000, 0x00000006e5300000, 0x000000076cd80000)
  object space 502784K, 23% used [0x00000006c6800000,0x00000006cda9dda0,0x00000006e5300000)
 Metaspace       used 88233K, capacity 98303K, committed 98380K, reserved 1134592K
  class space    used 10623K, capacity 13627K, committed 13644K, reserved 1048576K
}
Event: 18.736 GC heap before
{Heap before GC invocations=20 (full 4):
 PSYoungGen      total 368128K, used 300032K [0x000000076cd80000, 0x000000078ca80000, 0x00000007c0000000)
  eden space 300032K, 100% used [0x000000076cd80000,0x000000077f280000,0x000000077f280000)
  from space 68096K, 0% used [0x000000077f280000,0x000000077f280000,0x0000000783500000)
  to   space 78848K, 0% used [0x0000000787d80000,0x0000000787d80000,0x000000078ca80000)
 ParOldGen       total 502784K, used 117367K [0x00000006c6800000, 0x00000006e5300000, 0x000000076cd80000)
  object space 502784K, 23% used [0x00000006c6800000,0x00000006cda9dda0,0x00000006e5300000)
 Metaspace       used 89271K, capacity 99403K, committed 99532K, reserved 1134592K
  class space    used 10686K, capacity 13694K, committed 13772K, reserved 1048576K
Event: 18.753 GC heap after
Heap after GC invocations=20 (full 4):
 PSYoungGen      total 437248K, used 11827K [0x000000076cd80000, 0x000000078c700000, 0x00000007c0000000)
  eden space 361984K, 0% used [0x000000076cd80000,0x000000076cd80000,0x0000000782f00000)
  from space 75264K, 15% used [0x0000000787d80000,0x000000078890ce68,0x000000078c700000)
  to   space 77824K, 0% used [0x0000000782f00000,0x0000000782f00000,0x0000000787b00000)
 ParOldGen       total 502784K, used 117375K [0x00000006c6800000, 0x00000006e5300000, 0x000000076cd80000)
  object space 502784K, 23% used [0x00000006c6800000,0x00000006cda9fda0,0x00000006e5300000)
 Metaspace       used 89271K, capacity 99403K, committed 99532K, reserved 1134592K
  class space    used 10686K, capacity 13694K, committed 13772K, reserved 1048576K
}
Event: 20.297 GC heap before
{Heap before GC invocations=21 (full 4):
 PSYoungGen      total 437248K, used 373811K [0x000000076cd80000, 0x000000078c700000, 0x00000007c0000000)
  eden space 361984K, 100% used [0x000000076cd80000,0x0000000782f00000,0x0000000782f00000)
  from space 75264K, 15% used [0x0000000787d80000,0x000000078890ce68,0x000000078c700000)
  to   space 77824K, 0% used [0x0000000782f00000,0x0000000782f00000,0x0000000787b00000)
 ParOldGen       total 502784K, used 117375K [0x00000006c6800000, 0x00000006e5300000, 0x000000076cd80000)
  object space 502784K, 23% used [0x00000006c6800000,0x00000006cda9fda0,0x00000006e5300000)
 Metaspace       used 90414K, capacity 100469K, committed 100684K, reserved 1136640K
  class space    used 10791K, capacity 13859K, committed 13900K, reserved 1048576K
Event: 20.330 GC heap after
Heap after GC invocations=21 (full 4):
 PSYoungGen      total 439808K, used 28855K [0x000000076cd80000, 0x000000078eb80000, 0x00000007c0000000)
  eden space 361984K, 0% used [0x000000076cd80000,0x000000076cd80000,0x0000000782f00000)
  from space 77824K, 37% used [0x0000000782f00000,0x0000000784b2dfd8,0x0000000787b00000)
  to   space 73216K, 0% used [0x000000078a400000,0x000000078a400000,0x000000078eb80000)
 ParOldGen       total 502784K, used 117383K [0x00000006c6800000, 0x00000006e5300000, 0x000000076cd80000)
  object space 502784K, 23% used [0x00000006c6800000,0x00000006cdaa1da0,0x00000006e5300000)
 Metaspace       used 90414K, capacity 100469K, committed 100684K, reserved 1136640K
  class space    used 10791K, capacity 13859K, committed 13900K, reserved 1048576K
}
Event: 21.564 GC heap before
{Heap before GC invocations=22 (full 4):
 PSYoungGen      total 439808K, used 390839K [0x000000076cd80000, 0x000000078eb80000, 0x00000007c0000000)
  eden space 361984K, 100% used [0x000000076cd80000,0x0000000782f00000,0x0000000782f00000)
  from space 77824K, 37% used [0x0000000782f00000,0x0000000784b2dfd8,0x0000000787b00000)
  to   space 73216K, 0% used [0x000000078a400000,0x000000078a400000,0x000000078eb80000)
 ParOldGen       total 502784K, used 117383K [0x00000006c6800000, 0x00000006e5300000, 0x000000076cd80000)
  object space 502784K, 23% used [0x00000006c6800000,0x00000006cdaa1da0,0x00000006e5300000)
 Metaspace       used 90844K, capacity 100986K, committed 101196K, reserved 1136640K
  class space    used 10794K, capacity 13859K, committed 13900K, reserved 1048576K
Event: 21.597 GC heap after
Heap after GC invocations=22 (full 4):
 PSYoungGen      total 471552K, used 30728K [0x000000076cd80000, 0x000000078e280000, 0x00000007c0000000)
  eden space 407552K, 0% used [0x000000076cd80000,0x000000076cd80000,0x0000000785b80000)
  from space 64000K, 48% used [0x000000078a400000,0x000000078c2023a8,0x000000078e280000)
  to   space 69120K, 0% used [0x0000000785b80000,0x0000000785b80000,0x0000000789f00000)
 ParOldGen       total 502784K, used 117391K [0x00000006c6800000, 0x00000006e5300000, 0x000000076cd80000)
  object space 502784K, 23% used [0x00000006c6800000,0x00000006cdaa3da0,0x00000006e5300000)
 Metaspace       used 90844K, capacity 100986K, committed 101196K, reserved 1136640K
  class space    used 10794K, capacity 13859K, committed 13900K, reserved 1048576K
}
Event: 100.663 GC heap before
{Heap before GC invocations=23 (full 4):
 PSYoungGen      total 471552K, used 438280K [0x000000076cd80000, 0x000000078e280000, 0x00000007c0000000)
  eden space 407552K, 100% used [0x000000076cd80000,0x0000000785b80000,0x0000000785b80000)
  from space 64000K, 48% used [0x000000078a400000,0x000000078c2023a8,0x000000078e280000)
  to   space 69120K, 0% used [0x0000000785b80000,0x0000000785b80000,0x0000000789f00000)
 ParOldGen       total 502784K, used 117391K [0x00000006c6800000, 0x00000006e5300000, 0x000000076cd80000)
  object space 502784K, 23% used [0x00000006c6800000,0x00000006cdaa3da0,0x00000006e5300000)
 Metaspace       used 92070K, capacity 102164K, committed 102348K, reserved 1138688K
  class space    used 10863K, capacity 13973K, committed 14028K, reserved 1048576K
Event: 100.701 GC heap after
Heap after GC invocations=23 (full 4):
 PSYoungGen      total 476672K, used 26513K [0x000000076cd80000, 0x0000000790580000, 0x00000007c0000000)
  eden space 407552K, 0% used [0x000000076cd80000,0x000000076cd80000,0x0000000785b80000)
  from space 69120K, 38% used [0x0000000785b80000,0x0000000787564578,0x0000000789f00000)
  to   space 66048K, 0% used [0x000000078c500000,0x000000078c500000,0x0000000790580000)
 ParOldGen       total 502784K, used 117399K [0x00000006c6800000, 0x00000006e5300000, 0x000000076cd80000)
  object space 502784K, 23% used [0x00000006c6800000,0x00000006cdaa5da0,0x00000006e5300000)
 Metaspace       used 92070K, capacity 102164K, committed 102348K, reserved 1138688K
  class space    used 10863K, capacity 13973K, committed 14028K, reserved 1048576K
}

